#
# There is insufficient memory for the Java Runtime Environment to continue.
# Native memory allocation (malloc) failed to allocate 32744 bytes. Error detail: Chunk::new
# Possible reasons:
#   The system is out of physical RAM or swap space
#   This process is running with CompressedOops enabled, and the Java Heap may be blocking the growth of the native heap
# Possible solutions:
#   Reduce memory load on the system
#   Increase physical memory or swap space
#   Check if swap backing store is full
#   Decrease Java heap size (-Xmx/-Xms)
#   Decrease number of Java threads
#   Decrease Java thread stack sizes (-Xss)
#   Set larger code cache with -XX:ReservedCodeCacheSize=
#   JVM is running with Unscaled Compressed Oops mode in which the Java heap is
#     placed in the first 4GB address space. The Java Heap base address is the
#     maximum limit for the native heap growth. Please use -XX:HeapBaseMinAddress
#     to set the Java Heap base and to place the Java Heap above 4GB virtual address.
# This output file may be truncated or incomplete.
#
#  Out of Memory Error (arena.cpp:168), pid=6020, tid=1784
#
# JRE version: OpenJDK Runtime Environment Temurin-21.0.9+10 (21.0.9+10) (build 21.0.9+10-LTS)
# Java VM: OpenJDK 64-Bit Server VM Temurin-21.0.9+10 (21.0.9+10-LTS, mixed mode, sharing, tiered, compressed oops, compressed class ptrs, parallel gc, windows-amd64)
# No core dump will be written. Minidumps are not enabled by default on client versions of Windows
#

---------------  S U M M A R Y ------------

Command Line: --add-modules=ALL-SYSTEM --add-opens=java.base/java.util=ALL-UNNAMED --add-opens=java.base/java.lang=ALL-UNNAMED --add-opens=java.base/sun.nio.fs=ALL-UNNAMED -Declipse.application=org.eclipse.jdt.ls.core.id1 -Dosgi.bundles.defaultStartLevel=4 -Declipse.product=org.eclipse.jdt.ls.core.product -Djava.import.generatesMetadataFilesAtProjectRoot=false -DDetectVMInstallationsJob.disabled=true -Dfile.encoding=utf8 -XX:+UseParallelGC -XX:GCTimeRatio=4 -XX:AdaptiveSizePolicyWeight=90 -Dsun.zip.disableMemoryMapping=true -Xmx2G -Xms100m -Xlog:disable -javaagent:c:\Users\hilde\.vscode\extensions\redhat.java-1.52.0-win32-x64\lombok\lombok-1.18.39-4050.jar -XX:+HeapDumpOnOutOfMemoryError -XX:HeapDumpPath=c:\Users\hilde\AppData\Roaming\Code\User\workspaceStorage\5878f9d62c58596de4b23e8fcafd600d\redhat.java -Daether.dependencyCollector.impl=bf c:\Users\hilde\.vscode\extensions\redhat.java-1.52.0-win32-x64\server\plugins\org.eclipse.equinox.launcher_1.7.100.v20251111-0406.jar -configuration c:\Users\hilde\AppData\Roaming\Code\User\globalStorage\redhat.java\1.52.0\config_win -data c:\Users\hilde\AppData\Roaming\Code\User\workspaceStorage\5878f9d62c58596de4b23e8fcafd600d\redhat.java\jdt_ws --pipe=\\.\pipe\lsp-c48b93b79851cab13c97bfef62b114e2-sock

Host: Intel(R) Core(TM) i3-2328M CPU @ 2.20GHz, 4 cores, 3G,  Windows 10 , 64 bit Build 19041 (10.0.19041.5915)
Time: Fri Jan 30 12:46:10 2026 Hora oficial do Brasil elapsed time: 208.469796 seconds (0d 0h 3m 28s)

---------------  T H R E A D  ---------------

Current thread (0x000001a870f172e0):  JavaThread "C2 CompilerThread0" daemon [_thread_in_native, id=1784, stack(0x00000033d3e00000,0x00000033d3f00000) (1024K)]


Current CompileTask:
C2:208470 12667   !   4       java.util.concurrent.FutureTask::run (123 bytes)

Stack: [0x00000033d3e00000,0x00000033d3f00000]
Native frames: (J=compiled Java code, j=interpreted, Vv=VM code, C=native code)
V  [jvm.dll+0x6d6e29]
V  [jvm.dll+0x8b4b76]
V  [jvm.dll+0x8b712e]
V  [jvm.dll+0x8b7813]
V  [jvm.dll+0x283d86]
V  [jvm.dll+0xc66ed]
V  [jvm.dll+0xc6c31]
V  [jvm.dll+0x1496b5]
V  [jvm.dll+0x149847]
V  [jvm.dll+0x149f94]
V  [jvm.dll+0x2f7eaa]
V  [jvm.dll+0x2f80d4]
V  [jvm.dll+0x2f9ea2]
V  [jvm.dll+0x6f12e8]
V  [jvm.dll+0x6e9399]
V  [jvm.dll+0x6e8a99]
V  [jvm.dll+0x6e6b3e]
V  [jvm.dll+0x1ce18c]
V  [jvm.dll+0x24b129]
V  [jvm.dll+0x1cb13e]
V  [jvm.dll+0x25b29d]
V  [jvm.dll+0x25982a]
V  [jvm.dll+0x3f7ea6]
V  [jvm.dll+0x85e9ad]
V  [jvm.dll+0x6d565d]
C  [ucrtbase.dll+0x21bb2]
C  [KERNEL32.DLL+0x17374]
C  [ntdll.dll+0x4cc91]


---------------  P R O C E S S  ---------------

Threads class SMR info:
_java_thread_list=0x000001a850c4a050, length=34, elements={
0x000001a87101e690, 0x000001a870f0a7a0, 0x000001a870f0b640, 0x000001a870f10d90,
0x000001a870f11df0, 0x000001a870f12a40, 0x000001a870f154a0, 0x000001a870f172e0,
0x000001a870f8a400, 0x000001a8796b8580, 0x000001a879713fb0, 0x000001a87e28e030,
0x000001a87e4cdf70, 0x000001a87e4ce5d0, 0x000001a87e8609e0, 0x000001a87e732ef0,
0x000001a85059bae0, 0x000001a85059a730, 0x000001a85059b450, 0x000001a85059c800,
0x000001a85059d520, 0x000001a85059a0a0, 0x000001a85059ce90, 0x000001a85063b080,
0x000001a8506426a0, 0x000001a85063f220, 0x000001a85063bda0, 0x000001a85063c430,
0x000001a850642010, 0x000001a85063cac0, 0x000001a85063ff40, 0x000001a85063de70,
0x000001a85063e500, 0x000001a851a05d20
}

Java Threads: ( => current thread )
  0x000001a87101e690 JavaThread "main"                              [_thread_blocked, id=11764, stack(0x00000033d3400000,0x00000033d3500000) (1024K)]
  0x000001a870f0a7a0 JavaThread "Reference Handler"          daemon [_thread_blocked, id=10868, stack(0x00000033d3800000,0x00000033d3900000) (1024K)]
  0x000001a870f0b640 JavaThread "Finalizer"                  daemon [_thread_blocked, id=4912, stack(0x00000033d3900000,0x00000033d3a00000) (1024K)]
  0x000001a870f10d90 JavaThread "Signal Dispatcher"          daemon [_thread_blocked, id=7696, stack(0x00000033d3a00000,0x00000033d3b00000) (1024K)]
  0x000001a870f11df0 JavaThread "Attach Listener"            daemon [_thread_blocked, id=10264, stack(0x00000033d3b00000,0x00000033d3c00000) (1024K)]
  0x000001a870f12a40 JavaThread "Service Thread"             daemon [_thread_blocked, id=12952, stack(0x00000033d3c00000,0x00000033d3d00000) (1024K)]
  0x000001a870f154a0 JavaThread "Monitor Deflation Thread"   daemon [_thread_blocked, id=2524, stack(0x00000033d3d00000,0x00000033d3e00000) (1024K)]
=>0x000001a870f172e0 JavaThread "C2 CompilerThread0"         daemon [_thread_in_native, id=1784, stack(0x00000033d3e00000,0x00000033d3f00000) (1024K)]
  0x000001a870f8a400 JavaThread "C1 CompilerThread0"         daemon [_thread_blocked, id=3668, stack(0x00000033d3f00000,0x00000033d4000000) (1024K)]
  0x000001a8796b8580 JavaThread "Common-Cleaner"             daemon [_thread_blocked, id=17228, stack(0x00000033d4000000,0x00000033d4100000) (1024K)]
  0x000001a879713fb0 JavaThread "Notification Thread"        daemon [_thread_blocked, id=6824, stack(0x00000033d4100000,0x00000033d4200000) (1024K)]
  0x000001a87e28e030 JavaThread "Active Thread: Equinox Container: 0afe7dc7-59da-43f2-8da6-15152690c99d"        [_thread_blocked, id=12984, stack(0x00000033d4900000,0x00000033d4a00000) (1024K)]
  0x000001a87e4cdf70 JavaThread "Framework Event Dispatcher: Equinox Container: 0afe7dc7-59da-43f2-8da6-15152690c99d" daemon [_thread_blocked, id=14352, stack(0x00000033d4500000,0x00000033d4600000) (1024K)]
  0x000001a87e4ce5d0 JavaThread "Start Level: Equinox Container: 0afe7dc7-59da-43f2-8da6-15152690c99d" daemon [_thread_blocked, id=14236, stack(0x00000033d4600000,0x00000033d4700000) (1024K)]
  0x000001a87e8609e0 JavaThread "Bundle File Closer"         daemon [_thread_blocked, id=2592, stack(0x00000033d4700000,0x00000033d4800000) (1024K)]
  0x000001a87e732ef0 JavaThread "Refresh Thread: Equinox Container: 0afe7dc7-59da-43f2-8da6-15152690c99d" daemon [_thread_blocked, id=18052, stack(0x00000033d4800000,0x00000033d4900000) (1024K)]
  0x000001a85059bae0 JavaThread "SCR Component Actor"        daemon [_thread_blocked, id=11884, stack(0x00000033d4a00000,0x00000033d4b00000) (1024K)]
  0x000001a85059a730 JavaThread "Worker-JM"                         [_thread_blocked, id=8664, stack(0x00000033d4b00000,0x00000033d4c00000) (1024K)]
  0x000001a85059b450 JavaThread "JNA Cleaner"                daemon [_thread_blocked, id=9824, stack(0x00000033d4c00000,0x00000033d4d00000) (1024K)]
  0x000001a85059c800 JavaThread "Worker-1: Initialize Workspace"        [_thread_blocked, id=6264, stack(0x00000033d4e00000,0x00000033d4f00000) (1024K)]
  0x000001a85059d520 JavaThread "Worker-2"                          [_thread_blocked, id=10672, stack(0x00000033d3200000,0x00000033d3300000) (1024K)]
  0x000001a85059a0a0 JavaThread "Java indexing"              daemon [_thread_blocked, id=6608, stack(0x00000033d4f00000,0x00000033d5000000) (1024K)]
  0x000001a85059ce90 JavaThread "Worker-3"                          [_thread_blocked, id=16756, stack(0x00000033d5000000,0x00000033d5100000) (1024K)]
  0x000001a85063b080 JavaThread "Thread-1"                   daemon [_thread_in_native, id=1256, stack(0x00000033d5200000,0x00000033d5300000) (1024K)]
  0x000001a8506426a0 JavaThread "Thread-2"                   daemon [_thread_in_native, id=8984, stack(0x00000033d5300000,0x00000033d5400000) (1024K)]
  0x000001a85063f220 JavaThread "Thread-3"                   daemon [_thread_in_native, id=15308, stack(0x00000033d5400000,0x00000033d5500000) (1024K)]
  0x000001a85063bda0 JavaThread "Thread-4"                   daemon [_thread_in_native, id=18316, stack(0x00000033d5500000,0x00000033d5600000) (1024K)]
  0x000001a85063c430 JavaThread "Thread-5"                   daemon [_thread_in_native, id=1212, stack(0x00000033d5600000,0x00000033d5700000) (1024K)]
  0x000001a850642010 JavaThread "pool-2-thread-1"                   [_thread_blocked, id=9488, stack(0x00000033d5700000,0x00000033d5800000) (1024K)]
  0x000001a85063cac0 JavaThread "WorkspaceEventsHandler"            [_thread_blocked, id=15828, stack(0x00000033d5800000,0x00000033d5900000) (1024K)]
  0x000001a85063ff40 JavaThread "pool-1-thread-1"                   [_thread_blocked, id=2040, stack(0x00000033d5900000,0x00000033d5a00000) (1024K)]
  0x000001a85063de70 JavaThread "ForkJoinPool.commonPool-worker-2" daemon [_thread_blocked, id=5960, stack(0x00000033d6100000,0x00000033d6200000) (1024K)]
  0x000001a85063e500 JavaThread "ForkJoinPool.commonPool-worker-3" daemon [_thread_blocked, id=11364, stack(0x00000033d6200000,0x00000033d6300000) (1024K)]
  0x000001a851a05d20 JavaThread "Cleaner-0"                  daemon [_thread_blocked, id=8164, stack(0x00000033d6400000,0x00000033d6500000) (1024K)]
Total: 34

Other Threads:
  0x000001a8710de1d0 VMThread "VM Thread"                           [id=6772, stack(0x00000033d3700000,0x00000033d3800000) (1024K)]
  0x000001a871089510 WatcherThread "VM Periodic Task Thread"        [id=3048, stack(0x00000033d3600000,0x00000033d3700000) (1024K)]
  0x000001a87103c2a0 WorkerThread "GC Thread#0"                     [id=17560, stack(0x00000033d3500000,0x00000033d3600000) (1024K)]
  0x000001a87e02ef70 WorkerThread "GC Thread#1"                     [id=16704, stack(0x00000033d4200000,0x00000033d4300000) (1024K)]
  0x000001a87e0237a0 WorkerThread "GC Thread#2"                     [id=11500, stack(0x00000033d4300000,0x00000033d4400000) (1024K)]
  0x000001a8798d0840 WorkerThread "GC Thread#3"                     [id=11816, stack(0x00000033d4400000,0x00000033d4500000) (1024K)]
Total: 6

Threads with active compile tasks:
C2 CompilerThread0  217358 12667   !   4       java.util.concurrent.FutureTask::run (123 bytes)
Total: 1

VM state: not at safepoint (normal execution)

VM Mutex/Monitor currently owned by a thread: None

Heap address: 0x0000000080000000, size: 2048 MB, Compressed Oops mode: 32-bit

CDS archive(s) mapped at: [0x000001a80f000000-0x000001a80fba0000-0x000001a80fba0000), size 12189696, SharedBaseAddress: 0x000001a80f000000, ArchiveRelocationMode: 1.
Compressed class space mapped at: 0x000001a810000000-0x000001a850000000, reserved size: 1073741824
Narrow klass base: 0x000001a80f000000, Narrow klass shift: 0, Narrow klass range: 0x100000000

GC Precious Log:
 CardTable entry size: 512
 CPUs: 4 total, 4 available
 Memory: 3989M
 Large Page Support: Disabled
 NUMA Support: Disabled
 Compressed Oops: Enabled (32-bit)
 Alignments: Space 512K, Generation 512K, Heap 2M
 Heap Min Capacity: 100M
 Heap Initial Capacity: 100M
 Heap Max Capacity: 2G
 Pre-touch: Disabled
 Parallel Workers: 4

Heap:
 PSYoungGen      total 6144K, used 4236K [0x00000000d5580000, 0x00000000d5d00000, 0x0000000100000000)
  eden space 5120K, 63% used [0x00000000d5580000,0x00000000d58b3020,0x00000000d5a80000)
  from space 1024K, 93% used [0x00000000d5b00000,0x00000000d5bf0000,0x00000000d5c00000)
  to   space 1024K, 0% used [0x00000000d5c00000,0x00000000d5c00000,0x00000000d5d00000)
 ParOldGen       total 92160K, used 91879K [0x0000000080000000, 0x0000000085a00000, 0x00000000d5580000)
  object space 92160K, 99% used [0x0000000080000000,0x00000000859b9d98,0x0000000085a00000)
 Metaspace       used 72370K, committed 73856K, reserved 1179648K
  class space    used 7623K, committed 8320K, reserved 1048576K

Card table byte_map: [0x000001a8709d0000,0x000001a870de0000] _byte_map_base: 0x000001a8705d0000

Marking Bits: (ParMarkBitMap*) 0x00007ffe3e8c2460
 Begin Bits: [0x000001a8744e0000, 0x000001a8764e0000)
 End Bits:   [0x000001a8764e0000, 0x000001a8784e0000)

Polling page: 0x000001a86eea0000

Metaspace:

Usage:
  Non-class:     63.23 MB used.
      Class:      7.45 MB used.
       Both:     70.67 MB used.

Virtual space:
  Non-class space:      128.00 MB reserved,      64.00 MB ( 50%) committed,  2 nodes.
      Class space:        1.00 GB reserved,       8.12 MB ( <1%) committed,  1 nodes.
             Both:        1.12 GB reserved,      72.12 MB (  6%) committed. 

Chunk freelists:
   Non-Class:  15.54 MB
       Class:  7.72 MB
        Both:  23.27 MB

MaxMetaspaceSize: unlimited
CompressedClassSpaceSize: 1.00 GB
Initial GC threshold: 21.00 MB
Current GC threshold: 97.31 MB
CDS: on
 - commit_granule_bytes: 65536.
 - commit_granule_words: 8192.
 - virtual_space_node_default_size: 8388608.
 - enlarge_chunks_in_place: 1.
 - use_allocation_guard: 0.


Internal statistics:

num_allocs_failed_limit: 9.
num_arena_births: 1194.
num_arena_deaths: 14.
num_vsnodes_births: 3.
num_vsnodes_deaths: 0.
num_space_committed: 1154.
num_space_uncommitted: 0.
num_chunks_returned_to_freelist: 23.
num_chunks_taken_from_freelist: 4434.
num_chunk_merges: 13.
num_chunk_splits: 2711.
num_chunks_enlarged: 1506.
num_inconsistent_stats: 0.

CodeHeap 'non-profiled nmethods': size=120000Kb used=7605Kb max_used=7605Kb free=112394Kb
 bounds [0x000001a807ad0000, 0x000001a808240000, 0x000001a80f000000]
CodeHeap 'profiled nmethods': size=120000Kb used=26612Kb max_used=26612Kb free=93387Kb
 bounds [0x000001a800000000, 0x000001a801a00000, 0x000001a807530000]
CodeHeap 'non-nmethods': size=5760Kb used=1480Kb max_used=1544Kb free=4279Kb
 bounds [0x000001a807530000, 0x000001a8077a0000, 0x000001a807ad0000]
CodeCache: size=245760Kb, used=35697Kb, max_used=35761Kb, free=210060Kb
 total_blobs=12529, nmethods=11725, adapters=709, full_count=0
Compilation: enabled, stopped_count=0, restarted_count=0

Compilation events (20 events):
Event: 153.866 Thread 0x000001a870f8a400 12660       3       org.eclipse.jdt.internal.compiler.ast.ASTNode::<init> (11 bytes)
Event: 153.866 Thread 0x000001a870f8a400 nmethod 12660 0x000001a8019fa110 code [0x000001a8019fa2c0, 0x000001a8019fa430]
Event: 153.867 Thread 0x000001a870f8a400 12662       3       lombok.core.LombokImmutableList::<init> (10 bytes)
Event: 153.867 Thread 0x000001a870f8a400 nmethod 12662 0x000001a8019fa510 code [0x000001a8019fa6c0, 0x000001a8019fa848]
Event: 153.867 Thread 0x000001a870f8a400 12663       3       lombok.core.LombokImmutableList::copyOf (14 bytes)
Event: 153.867 Thread 0x000001a870f8a400 nmethod 12663 0x000001a8019fa910 code [0x000001a8019faae0, 0x000001a8019fade0]
Event: 153.911 Thread 0x000001a870f8a400 12665       3       org.eclipse.osgi.internal.framework.EquinoxBundle::resolve (37 bytes)
Event: 153.914 Thread 0x000001a870f8a400 nmethod 12665 0x000001a8019faf10 code [0x000001a8019fb120, 0x000001a8019fb6a0]
Event: 153.919 Thread 0x000001a870f172e0 nmethod 12633 0x000001a80823a290 code [0x000001a80823a620, 0x000001a80823bbf0]
Event: 153.919 Thread 0x000001a870f172e0 12627       4       org.apache.maven.plugin.descriptor.Parameter::equals (30 bytes)
Event: 153.923 Thread 0x000001a870f172e0 nmethod 12627 0x000001a80823cd90 code [0x000001a80823cf20, 0x000001a80823d138]
Event: 153.923 Thread 0x000001a870f172e0 12659       4       org.eclipse.jdt.internal.compiler.parser.Parser::ntAction (8 bytes)
Event: 153.924 Thread 0x000001a870f172e0 nmethod 12659 0x000001a80823d290 code [0x000001a80823d420, 0x000001a80823d4d8]
Event: 176.098 Thread 0x000001a870f8a400 12666       3       java.lang.Thread::interrupted (7 bytes)
Event: 176.099 Thread 0x000001a870f8a400 nmethod 12666 0x000001a8019fb910 code [0x000001a8019fbac0, 0x000001a8019fbd28]
Event: 202.010 Thread 0x000001a870f172e0 12667   !   4       java.util.concurrent.FutureTask::run (123 bytes)
Event: 202.011 Thread 0x000001a870f8a400 12668       3       java.util.concurrent.locks.ReentrantLock::lockInterruptibly (8 bytes)
Event: 202.014 Thread 0x000001a870f8a400 nmethod 12668 0x000001a8019fbe10 code [0x000001a8019fc020, 0x000001a8019fc5a8]
Event: 202.014 Thread 0x000001a870f8a400 12669       3       java.util.concurrent.locks.ReentrantLock$Sync::lockInterruptibly (27 bytes)
Event: 202.016 Thread 0x000001a870f8a400 nmethod 12669 0x000001a8019fc790 code [0x000001a8019fc980, 0x000001a8019fcea8]

GC Heap History (20 events):
Event: 148.717 GC heap before
{Heap before GC invocations=185 (full 3):
 PSYoungGen      total 5632K, used 5317K [0x00000000d5580000, 0x00000000d5d00000, 0x0000000100000000)
  eden space 5120K, 100% used [0x00000000d5580000,0x00000000d5a80000,0x00000000d5a80000)
  from space 512K, 38% used [0x00000000d5c00000,0x00000000d5c315d8,0x00000000d5c80000)
  to   space 512K, 0% used [0x00000000d5c80000,0x00000000d5c80000,0x00000000d5d00000)
 ParOldGen       total 89600K, used 89470K [0x0000000080000000, 0x0000000085780000, 0x00000000d5580000)
  object space 89600K, 99% used [0x0000000080000000,0x000000008575f9a8,0x0000000085780000)
 Metaspace       used 71068K, committed 72576K, reserved 1114112K
  class space    used 7471K, committed 8192K, reserved 1048576K
}
Event: 148.724 GC heap after
{Heap after GC invocations=185 (full 3):
 PSYoungGen      total 5632K, used 457K [0x00000000d5580000, 0x00000000d5d00000, 0x0000000100000000)
  eden space 5120K, 0% used [0x00000000d5580000,0x00000000d5580000,0x00000000d5a80000)
  from space 512K, 89% used [0x00000000d5c80000,0x00000000d5cf2518,0x00000000d5d00000)
  to   space 512K, 0% used [0x00000000d5c00000,0x00000000d5c00000,0x00000000d5c80000)
 ParOldGen       total 89600K, used 89542K [0x0000000080000000, 0x0000000085780000, 0x00000000d5580000)
  object space 89600K, 99% used [0x0000000080000000,0x00000000857719a8,0x0000000085780000)
 Metaspace       used 71068K, committed 72576K, reserved 1114112K
  class space    used 7471K, committed 8192K, reserved 1048576K
}
Event: 148.806 GC heap before
{Heap before GC invocations=186 (full 3):
 PSYoungGen      total 5632K, used 5567K [0x00000000d5580000, 0x00000000d5d00000, 0x0000000100000000)
  eden space 5120K, 99% used [0x00000000d5580000,0x00000000d5a7d808,0x00000000d5a80000)
  from space 512K, 89% used [0x00000000d5c80000,0x00000000d5cf2518,0x00000000d5d00000)
  to   space 512K, 0% used [0x00000000d5c00000,0x00000000d5c00000,0x00000000d5c80000)
 ParOldGen       total 89600K, used 89542K [0x0000000080000000, 0x0000000085780000, 0x00000000d5580000)
  object space 89600K, 99% used [0x0000000080000000,0x00000000857719a8,0x0000000085780000)
 Metaspace       used 71077K, committed 72576K, reserved 1114112K
  class space    used 7471K, committed 8192K, reserved 1048576K
}
Event: 148.809 GC heap after
{Heap after GC invocations=186 (full 3):
 PSYoungGen      total 5632K, used 296K [0x00000000d5580000, 0x00000000d5d00000, 0x0000000100000000)
  eden space 5120K, 0% used [0x00000000d5580000,0x00000000d5580000,0x00000000d5a80000)
  from space 512K, 57% used [0x00000000d5c00000,0x00000000d5c4a010,0x00000000d5c80000)
  to   space 512K, 0% used [0x00000000d5c80000,0x00000000d5c80000,0x00000000d5d00000)
 ParOldGen       total 90112K, used 89826K [0x0000000080000000, 0x0000000085800000, 0x00000000d5580000)
  object space 90112K, 99% used [0x0000000080000000,0x00000000857b8ba8,0x0000000085800000)
 Metaspace       used 71077K, committed 72576K, reserved 1114112K
  class space    used 7471K, committed 8192K, reserved 1048576K
}
Event: 148.890 GC heap before
{Heap before GC invocations=187 (full 3):
 PSYoungGen      total 5632K, used 5406K [0x00000000d5580000, 0x00000000d5d00000, 0x0000000100000000)
  eden space 5120K, 99% used [0x00000000d5580000,0x00000000d5a7da00,0x00000000d5a80000)
  from space 512K, 57% used [0x00000000d5c00000,0x00000000d5c4a010,0x00000000d5c80000)
  to   space 512K, 0% used [0x00000000d5c80000,0x00000000d5c80000,0x00000000d5d00000)
 ParOldGen       total 90112K, used 89826K [0x0000000080000000, 0x0000000085800000, 0x00000000d5580000)
  object space 90112K, 99% used [0x0000000080000000,0x00000000857b8ba8,0x0000000085800000)
 Metaspace       used 71081K, committed 72576K, reserved 1114112K
  class space    used 7471K, committed 8192K, reserved 1048576K
}
Event: 148.892 GC heap after
{Heap after GC invocations=187 (full 3):
 PSYoungGen      total 5632K, used 503K [0x00000000d5580000, 0x00000000d5d00000, 0x0000000100000000)
  eden space 5120K, 0% used [0x00000000d5580000,0x00000000d5580000,0x00000000d5a80000)
  from space 512K, 98% used [0x00000000d5c80000,0x00000000d5cfded8,0x00000000d5d00000)
  to   space 1024K, 0% used [0x00000000d5b00000,0x00000000d5b00000,0x00000000d5c00000)
 ParOldGen       total 90112K, used 89970K [0x0000000080000000, 0x0000000085800000, 0x00000000d5580000)
  object space 90112K, 99% used [0x0000000080000000,0x00000000857dcba8,0x0000000085800000)
 Metaspace       used 71081K, committed 72576K, reserved 1114112K
  class space    used 7471K, committed 8192K, reserved 1048576K
}
Event: 149.447 GC heap before
{Heap before GC invocations=188 (full 3):
 PSYoungGen      total 5632K, used 5446K [0x00000000d5580000, 0x00000000d5d00000, 0x0000000100000000)
  eden space 5120K, 96% used [0x00000000d5580000,0x00000000d5a53b98,0x00000000d5a80000)
  from space 512K, 98% used [0x00000000d5c80000,0x00000000d5cfded8,0x00000000d5d00000)
  to   space 1024K, 0% used [0x00000000d5b00000,0x00000000d5b00000,0x00000000d5c00000)
 ParOldGen       total 90112K, used 89970K [0x0000000080000000, 0x0000000085800000, 0x00000000d5580000)
  object space 90112K, 99% used [0x0000000080000000,0x00000000857dcba8,0x0000000085800000)
 Metaspace       used 71110K, committed 72576K, reserved 1114112K
  class space    used 7473K, committed 8192K, reserved 1048576K
}
Event: 149.450 GC heap after
{Heap after GC invocations=188 (full 3):
 PSYoungGen      total 6144K, used 128K [0x00000000d5580000, 0x00000000d5d00000, 0x0000000100000000)
  eden space 5120K, 0% used [0x00000000d5580000,0x00000000d5580000,0x00000000d5a80000)
  from space 1024K, 12% used [0x00000000d5b00000,0x00000000d5b20000,0x00000000d5c00000)
  to   space 512K, 0% used [0x00000000d5c80000,0x00000000d5c80000,0x00000000d5d00000)
 ParOldGen       total 90112K, used 90010K [0x0000000080000000, 0x0000000085800000, 0x00000000d5580000)
  object space 90112K, 99% used [0x0000000080000000,0x00000000857e6ba8,0x0000000085800000)
 Metaspace       used 71110K, committed 72576K, reserved 1114112K
  class space    used 7473K, committed 8192K, reserved 1048576K
}
Event: 150.025 GC heap before
{Heap before GC invocations=189 (full 3):
 PSYoungGen      total 6144K, used 5239K [0x00000000d5580000, 0x00000000d5d00000, 0x0000000100000000)
  eden space 5120K, 99% used [0x00000000d5580000,0x00000000d5a7dfe0,0x00000000d5a80000)
  from space 1024K, 12% used [0x00000000d5b00000,0x00000000d5b20000,0x00000000d5c00000)
  to   space 512K, 0% used [0x00000000d5c80000,0x00000000d5c80000,0x00000000d5d00000)
 ParOldGen       total 90112K, used 90010K [0x0000000080000000, 0x0000000085800000, 0x00000000d5580000)
  object space 90112K, 99% used [0x0000000080000000,0x00000000857e6ba8,0x0000000085800000)
 Metaspace       used 71150K, committed 72640K, reserved 1114112K
  class space    used 7474K, committed 8192K, reserved 1048576K
}
Event: 150.027 GC heap after
{Heap after GC invocations=189 (full 3):
 PSYoungGen      total 5632K, used 500K [0x00000000d5580000, 0x00000000d5d00000, 0x0000000100000000)
  eden space 5120K, 0% used [0x00000000d5580000,0x00000000d5580000,0x00000000d5a80000)
  from space 512K, 97% used [0x00000000d5c80000,0x00000000d5cfd260,0x00000000d5d00000)
  to   space 1024K, 0% used [0x00000000d5b00000,0x00000000d5b00000,0x00000000d5c00000)
 ParOldGen       total 91136K, used 90831K [0x0000000080000000, 0x0000000085900000, 0x00000000d5580000)
  object space 91136K, 99% used [0x0000000080000000,0x00000000858b3d58,0x0000000085900000)
 Metaspace       used 71150K, committed 72640K, reserved 1114112K
  class space    used 7474K, committed 8192K, reserved 1048576K
}
Event: 150.105 GC heap before
{Heap before GC invocations=190 (full 3):
 PSYoungGen      total 5632K, used 5620K [0x00000000d5580000, 0x00000000d5d00000, 0x0000000100000000)
  eden space 5120K, 100% used [0x00000000d5580000,0x00000000d5a80000,0x00000000d5a80000)
  from space 512K, 97% used [0x00000000d5c80000,0x00000000d5cfd260,0x00000000d5d00000)
  to   space 1024K, 0% used [0x00000000d5b00000,0x00000000d5b00000,0x00000000d5c00000)
 ParOldGen       total 91136K, used 90831K [0x0000000080000000, 0x0000000085900000, 0x00000000d5580000)
  object space 91136K, 99% used [0x0000000080000000,0x00000000858b3d58,0x0000000085900000)
 Metaspace       used 71161K, committed 72640K, reserved 1114112K
  class space    used 7474K, committed 8192K, reserved 1048576K
}
Event: 150.107 GC heap after
{Heap after GC invocations=190 (full 3):
 PSYoungGen      total 6144K, used 128K [0x00000000d5580000, 0x00000000d5d00000, 0x0000000100000000)
  eden space 5120K, 0% used [0x00000000d5580000,0x00000000d5580000,0x00000000d5a80000)
  from space 1024K, 12% used [0x00000000d5b00000,0x00000000d5b20000,0x00000000d5c00000)
  to   space 512K, 0% used [0x00000000d5c80000,0x00000000d5c80000,0x00000000d5d00000)
 ParOldGen       total 91136K, used 91031K [0x0000000080000000, 0x0000000085900000, 0x00000000d5580000)
  object space 91136K, 99% used [0x0000000080000000,0x00000000858e5d58,0x0000000085900000)
 Metaspace       used 71161K, committed 72640K, reserved 1114112K
  class space    used 7474K, committed 8192K, reserved 1048576K
}
Event: 150.731 GC heap before
{Heap before GC invocations=191 (full 3):
 PSYoungGen      total 6144K, used 5248K [0x00000000d5580000, 0x00000000d5d00000, 0x0000000100000000)
  eden space 5120K, 100% used [0x00000000d5580000,0x00000000d5a80000,0x00000000d5a80000)
  from space 1024K, 12% used [0x00000000d5b00000,0x00000000d5b20000,0x00000000d5c00000)
  to   space 512K, 0% used [0x00000000d5c80000,0x00000000d5c80000,0x00000000d5d00000)
 ParOldGen       total 91136K, used 91031K [0x0000000080000000, 0x0000000085900000, 0x00000000d5580000)
  object space 91136K, 99% used [0x0000000080000000,0x00000000858e5d58,0x0000000085900000)
 Metaspace       used 71189K, committed 72704K, reserved 1114112K
  class space    used 7474K, committed 8192K, reserved 1048576K
}
Event: 150.733 GC heap after
{Heap after GC invocations=191 (full 3):
 PSYoungGen      total 5632K, used 128K [0x00000000d5580000, 0x00000000d5d00000, 0x0000000100000000)
  eden space 5120K, 0% used [0x00000000d5580000,0x00000000d5580000,0x00000000d5a80000)
  from space 512K, 25% used [0x00000000d5c80000,0x00000000d5ca0000,0x00000000d5d00000)
  to   space 512K, 0% used [0x00000000d5c00000,0x00000000d5c00000,0x00000000d5c80000)
 ParOldGen       total 91136K, used 91071K [0x0000000080000000, 0x0000000085900000, 0x00000000d5580000)
  object space 91136K, 99% used [0x0000000080000000,0x00000000858efd58,0x0000000085900000)
 Metaspace       used 71189K, committed 72704K, reserved 1114112K
  class space    used 7474K, committed 8192K, reserved 1048576K
}
Event: 151.555 GC heap before
{Heap before GC invocations=192 (full 3):
 PSYoungGen      total 5632K, used 5217K [0x00000000d5580000, 0x00000000d5d00000, 0x0000000100000000)
  eden space 5120K, 99% used [0x00000000d5580000,0x00000000d5a785b0,0x00000000d5a80000)
  from space 512K, 25% used [0x00000000d5c80000,0x00000000d5ca0000,0x00000000d5d00000)
  to   space 512K, 0% used [0x00000000d5c00000,0x00000000d5c00000,0x00000000d5c80000)
 ParOldGen       total 91136K, used 91071K [0x0000000080000000, 0x0000000085900000, 0x00000000d5580000)
  object space 91136K, 99% used [0x0000000080000000,0x00000000858efd58,0x0000000085900000)
 Metaspace       used 71590K, committed 73088K, reserved 1114112K
  class space    used 7507K, committed 8192K, reserved 1048576K
}
Event: 151.558 GC heap after
{Heap after GC invocations=192 (full 3):
 PSYoungGen      total 5632K, used 502K [0x00000000d5580000, 0x00000000d5d00000, 0x0000000100000000)
  eden space 5120K, 0% used [0x00000000d5580000,0x00000000d5580000,0x00000000d5a80000)
  from space 512K, 98% used [0x00000000d5c00000,0x00000000d5c7da10,0x00000000d5c80000)
  to   space 512K, 0% used [0x00000000d5c80000,0x00000000d5c80000,0x00000000d5d00000)
 ParOldGen       total 91648K, used 91159K [0x0000000080000000, 0x0000000085980000, 0x00000000d5580000)
  object space 91648K, 99% used [0x0000000080000000,0x0000000085905d58,0x0000000085980000)
 Metaspace       used 71590K, committed 73088K, reserved 1114112K
  class space    used 7507K, committed 8192K, reserved 1048576K
}
Event: 152.016 GC heap before
{Heap before GC invocations=193 (full 3):
 PSYoungGen      total 5632K, used 5622K [0x00000000d5580000, 0x00000000d5d00000, 0x0000000100000000)
  eden space 5120K, 100% used [0x00000000d5580000,0x00000000d5a80000,0x00000000d5a80000)
  from space 512K, 98% used [0x00000000d5c00000,0x00000000d5c7da10,0x00000000d5c80000)
  to   space 512K, 0% used [0x00000000d5c80000,0x00000000d5c80000,0x00000000d5d00000)
 ParOldGen       total 91648K, used 91159K [0x0000000080000000, 0x0000000085980000, 0x00000000d5580000)
  object space 91648K, 99% used [0x0000000080000000,0x0000000085905d58,0x0000000085980000)
 Metaspace       used 72073K, committed 73536K, reserved 1179648K
  class space    used 7574K, committed 8256K, reserved 1048576K
}
Event: 152.020 GC heap after
{Heap after GC invocations=193 (full 3):
 PSYoungGen      total 5632K, used 480K [0x00000000d5580000, 0x00000000d5d00000, 0x0000000100000000)
  eden space 5120K, 0% used [0x00000000d5580000,0x00000000d5580000,0x00000000d5a80000)
  from space 512K, 93% used [0x00000000d5c80000,0x00000000d5cf8010,0x00000000d5d00000)
  to   space 1024K, 0% used [0x00000000d5b00000,0x00000000d5b00000,0x00000000d5c00000)
 ParOldGen       total 91648K, used 91503K [0x0000000080000000, 0x0000000085980000, 0x00000000d5580000)
  object space 91648K, 99% used [0x0000000080000000,0x000000008595bd88,0x0000000085980000)
 Metaspace       used 72073K, committed 73536K, reserved 1179648K
  class space    used 7574K, committed 8256K, reserved 1048576K
}
Event: 153.567 GC heap before
{Heap before GC invocations=194 (full 3):
 PSYoungGen      total 5632K, used 5600K [0x00000000d5580000, 0x00000000d5d00000, 0x0000000100000000)
  eden space 5120K, 100% used [0x00000000d5580000,0x00000000d5a80000,0x00000000d5a80000)
  from space 512K, 93% used [0x00000000d5c80000,0x00000000d5cf8010,0x00000000d5d00000)
  to   space 1024K, 0% used [0x00000000d5b00000,0x00000000d5b00000,0x00000000d5c00000)
 ParOldGen       total 91648K, used 91503K [0x0000000080000000, 0x0000000085980000, 0x00000000d5580000)
  object space 91648K, 99% used [0x0000000080000000,0x000000008595bd88,0x0000000085980000)
 Metaspace       used 72161K, committed 73664K, reserved 1179648K
  class space    used 7587K, committed 8256K, reserved 1048576K
}
Event: 153.570 GC heap after
{Heap after GC invocations=194 (full 3):
 PSYoungGen      total 6144K, used 960K [0x00000000d5580000, 0x00000000d5d00000, 0x0000000100000000)
  eden space 5120K, 0% used [0x00000000d5580000,0x00000000d5580000,0x00000000d5a80000)
  from space 1024K, 93% used [0x00000000d5b00000,0x00000000d5bf0000,0x00000000d5c00000)
  to   space 1024K, 0% used [0x00000000d5c00000,0x00000000d5c00000,0x00000000d5d00000)
 ParOldGen       total 92160K, used 91879K [0x0000000080000000, 0x0000000085a00000, 0x00000000d5580000)
  object space 92160K, 99% used [0x0000000080000000,0x00000000859b9d98,0x0000000085a00000)
 Metaspace       used 72161K, committed 73664K, reserved 1179648K
  class space    used 7587K, committed 8256K, reserved 1048576K
}

Dll operation events (12 events):
Event: 0.026 Loaded shared library c:\Users\hilde\.vscode\extensions\redhat.java-1.52.0-win32-x64\jre\21.0.9-win32-x86_64\bin\java.dll
Event: 0.530 Loaded shared library c:\Users\hilde\.vscode\extensions\redhat.java-1.52.0-win32-x64\jre\21.0.9-win32-x86_64\bin\zip.dll
Event: 0.617 Loaded shared library C:\Users\hilde\.vscode\extensions\redhat.java-1.52.0-win32-x64\jre\21.0.9-win32-x86_64\bin\instrument.dll
Event: 0.640 Loaded shared library C:\Users\hilde\.vscode\extensions\redhat.java-1.52.0-win32-x64\jre\21.0.9-win32-x86_64\bin\net.dll
Event: 0.650 Loaded shared library C:\Users\hilde\.vscode\extensions\redhat.java-1.52.0-win32-x64\jre\21.0.9-win32-x86_64\bin\nio.dll
Event: 0.660 Loaded shared library C:\Users\hilde\.vscode\extensions\redhat.java-1.52.0-win32-x64\jre\21.0.9-win32-x86_64\bin\zip.dll
Event: 0.726 Loaded shared library C:\Users\hilde\.vscode\extensions\redhat.java-1.52.0-win32-x64\jre\21.0.9-win32-x86_64\bin\jimage.dll
Event: 1.290 Loaded shared library c:\Users\hilde\.vscode\extensions\redhat.java-1.52.0-win32-x64\jre\21.0.9-win32-x86_64\bin\verify.dll
Event: 29.447 Loaded shared library C:\Users\hilde\AppData\Roaming\Code\User\globalStorage\redhat.java\1.52.0\config_win\org.eclipse.equinox.launcher\org.eclipse.equinox.launcher.win32.win32.x86_64_1.2.1500.v20260121-1430\eclipse_11919.dll
Event: 56.604 Loaded shared library C:\Users\hilde\AppData\Local\Temp\jna-99281228\jna6606525347873257591.dll
Event: 66.292 Loaded shared library C:\Users\hilde\.vscode\extensions\redhat.java-1.52.0-win32-x64\jre\21.0.9-win32-x86_64\bin\sunmscapi.dll
Event: 67.566 Loaded shared library C:\Users\hilde\.vscode\extensions\redhat.java-1.52.0-win32-x64\jre\21.0.9-win32-x86_64\bin\extnet.dll

Deoptimization events (20 events):
Event: 153.692 Thread 0x000001a85059d520 Uncommon trap: trap_request=0xffffff45 fr.pc=0x000001a807bda1d0 relative=0x00000000000003d0
Event: 153.692 Thread 0x000001a85059d520 Uncommon trap: reason=unstable_if action=reinterpret pc=0x000001a807bda1d0 method=java.lang.ThreadLocal$ThreadLocalMap.set(Ljava/lang/ThreadLocal;Ljava/lang/Object;)V @ 116 c2
Event: 153.692 Thread 0x000001a85059d520 DEOPT PACKING pc=0x000001a807bda1d0 sp=0x00000033d32fdd00
Event: 153.692 Thread 0x000001a85059d520 DEOPT UNPACKING pc=0x000001a807583aa2 sp=0x00000033d32fdbc8 mode 2
Event: 153.742 Thread 0x000001a85059ce90 Uncommon trap: trap_request=0xffffffbe fr.pc=0x000001a808230c90 relative=0x0000000000000dd0
Event: 153.742 Thread 0x000001a85059ce90 Uncommon trap: reason=profile_predicate action=maybe_recompile pc=0x000001a808230c90 method=java.util.regex.Pattern$BnM.optimize(Ljava/util/regex/Pattern$Node;)Ljava/util/regex/Pattern$Node; @ 67 c2
Event: 153.742 Thread 0x000001a85059ce90 DEOPT PACKING pc=0x000001a808230c90 sp=0x00000033d50ff1d0
Event: 153.742 Thread 0x000001a85059ce90 DEOPT UNPACKING pc=0x000001a807583aa2 sp=0x00000033d50ff100 mode 2
Event: 153.763 Thread 0x000001a85059ce90 Uncommon trap: trap_request=0xffffffde fr.pc=0x000001a8081d06a8 relative=0x0000000000002208
Event: 153.763 Thread 0x000001a85059ce90 Uncommon trap: reason=class_check action=maybe_recompile pc=0x000001a8081d06a8 method=org.eclipse.jdt.internal.core.JavaModelManager.getInfo(Lorg/eclipse/jdt/core/IJavaElement;)Lorg/eclipse/jdt/internal/compiler/env/IElementInfo; @ 20 c2
Event: 153.763 Thread 0x000001a85059ce90 DEOPT PACKING pc=0x000001a8081d06a8 sp=0x00000033d50fed80
Event: 153.763 Thread 0x000001a85059ce90 DEOPT UNPACKING pc=0x000001a807583aa2 sp=0x00000033d50fed60 mode 2
Event: 153.827 Thread 0x000001a85059ce90 Uncommon trap: trap_request=0xffffff45 fr.pc=0x000001a807fc6ee4 relative=0x0000000000001284
Event: 153.827 Thread 0x000001a85059ce90 Uncommon trap: reason=unstable_if action=reinterpret pc=0x000001a807fc6ee4 method=org.eclipse.jdt.internal.compiler.parser.Scanner.internalScanIdentifierOrKeyword(II[C)Lorg/eclipse/jdt/internal/compiler/parser/TerminalToken; @ 4164 c2
Event: 153.828 Thread 0x000001a85059ce90 DEOPT PACKING pc=0x000001a807fc6ee4 sp=0x00000033d50fea00
Event: 153.828 Thread 0x000001a85059ce90 DEOPT UNPACKING pc=0x000001a807583aa2 sp=0x00000033d50fe990 mode 2
Event: 153.906 Thread 0x000001a85059ce90 Uncommon trap: trap_request=0xffffffbe fr.pc=0x000001a808230c90 relative=0x0000000000000dd0
Event: 153.906 Thread 0x000001a85059ce90 Uncommon trap: reason=profile_predicate action=maybe_recompile pc=0x000001a808230c90 method=java.util.regex.Pattern$BnM.optimize(Ljava/util/regex/Pattern$Node;)Ljava/util/regex/Pattern$Node; @ 67 c2
Event: 153.906 Thread 0x000001a85059ce90 DEOPT PACKING pc=0x000001a808230c90 sp=0x00000033d50ff1d0
Event: 153.906 Thread 0x000001a85059ce90 DEOPT UNPACKING pc=0x000001a807583aa2 sp=0x00000033d50ff100 mode 2

Classes loaded (20 events):
Event: 147.522 Loading class java/lang/invoke/MethodHandleImpl$CountingWrapper$1
Event: 147.527 Loading class java/lang/invoke/MethodHandleImpl$CountingWrapper$1 done
Event: 148.286 Loading class java/util/AbstractList$RandomAccessSubList
Event: 148.287 Loading class java/util/AbstractList$SubList
Event: 148.288 Loading class java/util/AbstractList$SubList done
Event: 148.288 Loading class java/util/AbstractList$RandomAccessSubList done
Event: 148.288 Loading class java/util/AbstractList$SubList$1
Event: 148.289 Loading class java/util/AbstractList$SubList$1 done
Event: 148.896 Loading class java/util/HashMap$EntrySpliterator
Event: 148.898 Loading class java/util/HashMap$EntrySpliterator done
Event: 151.186 Loading class java/util/ImmutableCollections$SubList
Event: 151.193 Loading class java/util/ImmutableCollections$SubList done
Event: 151.418 Loading class java/util/zip/CheckedInputStream
Event: 151.421 Loading class java/util/zip/CheckedInputStream done
Event: 151.752 Loading class java/util/stream/DistinctOps
Event: 151.753 Loading class java/util/stream/DistinctOps done
Event: 151.753 Loading class java/util/stream/DistinctOps$1
Event: 151.753 Loading class java/util/stream/DistinctOps$1 done
Event: 151.757 Loading class java/util/stream/DistinctOps$1$2
Event: 151.758 Loading class java/util/stream/DistinctOps$1$2 done

Classes unloaded (7 events):
Event: 58.848 Thread 0x000001a8710de1d0 Unloading class 0x000001a8101b2800 'java/lang/invoke/LambdaForm$MH+0x000001a8101b2800'
Event: 58.848 Thread 0x000001a8710de1d0 Unloading class 0x000001a8101b2400 'java/lang/invoke/LambdaForm$MH+0x000001a8101b2400'
Event: 58.848 Thread 0x000001a8710de1d0 Unloading class 0x000001a8101b2000 'java/lang/invoke/LambdaForm$MH+0x000001a8101b2000'
Event: 58.848 Thread 0x000001a8710de1d0 Unloading class 0x000001a8101b1c00 'java/lang/invoke/LambdaForm$MH+0x000001a8101b1c00'
Event: 58.849 Thread 0x000001a8710de1d0 Unloading class 0x000001a8101b1800 'java/lang/invoke/LambdaForm$BMH+0x000001a8101b1800'
Event: 58.849 Thread 0x000001a8710de1d0 Unloading class 0x000001a8101b1400 'java/lang/invoke/LambdaForm$DMH+0x000001a8101b1400'
Event: 58.849 Thread 0x000001a8710de1d0 Unloading class 0x000001a8101b0000 'java/lang/invoke/LambdaForm$DMH+0x000001a8101b0000'

Classes redefined (0 events):
No events

Internal exceptions (20 events):
Event: 148.431 Thread 0x000001a85063de70 Exception <a 'sun/nio/fs/WindowsException'{0x00000000d582cd78}> (0x00000000d582cd78) 
thrown [s\src\hotspot\share\prims\jni.cpp, line 520]
Event: 149.970 Thread 0x000001a850641980 Exception <a 'sun/nio/fs/WindowsException'{0x00000000d57de128}> (0x00000000d57de128) 
thrown [s\src\hotspot\share\prims\jni.cpp, line 520]
Event: 149.970 Thread 0x000001a850641980 Exception <a 'sun/nio/fs/WindowsException'{0x00000000d57dea08}> (0x00000000d57dea08) 
thrown [s\src\hotspot\share\prims\jni.cpp, line 520]
Event: 149.971 Thread 0x000001a850641980 Exception <a 'sun/nio/fs/WindowsException'{0x00000000d57f24e8}> (0x00000000d57f24e8) 
thrown [s\src\hotspot\share\prims\jni.cpp, line 520]
Event: 149.971 Thread 0x000001a850641980 Exception <a 'sun/nio/fs/WindowsException'{0x00000000d57f2dc8}> (0x00000000d57f2dc8) 
thrown [s\src\hotspot\share\prims\jni.cpp, line 520]
Event: 149.972 Thread 0x000001a850641980 Exception <a 'sun/nio/fs/WindowsException'{0x00000000d57f4818}> (0x00000000d57f4818) 
thrown [s\src\hotspot\share\prims\jni.cpp, line 520]
Event: 149.972 Thread 0x000001a850641980 Exception <a 'sun/nio/fs/WindowsException'{0x00000000d57f50f8}> (0x00000000d57f50f8) 
thrown [s\src\hotspot\share\prims\jni.cpp, line 520]
Event: 149.984 Thread 0x000001a850641980 Exception <a 'sun/nio/fs/WindowsException'{0x00000000d582e458}> (0x00000000d582e458) 
thrown [s\src\hotspot\share\prims\jni.cpp, line 520]
Event: 149.985 Thread 0x000001a850641980 Exception <a 'sun/nio/fs/WindowsException'{0x00000000d582efa8}> (0x00000000d582efa8) 
thrown [s\src\hotspot\share\prims\jni.cpp, line 520]
Event: 151.762 Thread 0x000001a85059d520 Exception <a 'java/lang/NoSuchMethodError'{0x00000000d58c6670}: 'java.lang.Object java.lang.invoke.DirectMethodHandle$Holder.newInvokeSpecial(java.lang.Object, java.lang.Object, int, java.lang.Object, java.lang.Object)'> (0x00000000d58c6670) 
thrown [s\src\hotspot\share\interpreter\linkResolver.cpp, line 773]
Event: 151.763 Thread 0x000001a85059d520 Exception <a 'java/lang/NoSuchMethodError'{0x00000000d58ca378}: 'java.lang.Object java.lang.invoke.Invokers$Holder.linkToTargetMethod(java.lang.Object, int, java.lang.Object, java.lang.Object, java.lang.Object)'> (0x00000000d58ca378) 
thrown [s\src\hotspot\share\interpreter\linkResolver.cpp, line 773]
Event: 151.769 Thread 0x000001a85059d520 Exception <a 'java/lang/NoSuchMethodError'{0x00000000d58dfbd0}: 'java.lang.Object java.lang.invoke.DirectMethodHandle$Holder.invokeSpecial(java.lang.Object, java.lang.Object, java.lang.Object, int, java.lang.Object, java.lang.Object, java.lang.Object)'> (0x00000000d58dfbd0) 
thrown [s\src\hotspot\share\interpreter\linkResolver.cpp, line 773]
Event: 151.773 Thread 0x000001a85059d520 Exception <a 'java/lang/NoSuchMethodError'{0x00000000d58e80e8}: 'java.lang.Object java.lang.invoke.DirectMethodHandle$Holder.invokeStatic(java.lang.Object, java.lang.Object, int, java.lang.Object, java.lang.Object)'> (0x00000000d58e80e8) 
thrown [s\src\hotspot\share\interpreter\linkResolver.cpp, line 773]
Event: 151.775 Thread 0x000001a85059d520 Exception <a 'java/lang/NoSuchMethodError'{0x00000000d58ee988}: 'java.lang.Object java.lang.invoke.DirectMethodHandle$Holder.newInvokeSpecial(java.lang.Object, java.lang.Object, int)'> (0x00000000d58ee988) 
thrown [s\src\hotspot\share\interpreter\linkResolver.cpp, line 773]
Event: 151.834 Thread 0x000001a85059d520 Exception <a 'java/lang/NoSuchMethodError'{0x00000000d596cbb8}: 'void java.lang.invoke.DirectMethodHandle$Holder.invokeStatic(java.lang.Object, int)'> (0x00000000d596cbb8) 
thrown [s\src\hotspot\share\interpreter\linkResolver.cpp, line 773]
Event: 153.678 Thread 0x000001a85059d520 Exception <a 'java/io/FileNotFoundException'{0x00000000d56ae090}> (0x00000000d56ae090) 
thrown [s\src\hotspot\share\prims\jni.cpp, line 520]
Event: 153.679 Thread 0x000001a85059d520 Exception <a 'java/io/FileNotFoundException'{0x00000000d56af360}> (0x00000000d56af360) 
thrown [s\src\hotspot\share\prims\jni.cpp, line 520]
Event: 153.679 Thread 0x000001a85059d520 Exception <a 'java/io/FileNotFoundException'{0x00000000d56b1ab0}> (0x00000000d56b1ab0) 
thrown [s\src\hotspot\share\prims\jni.cpp, line 520]
Event: 153.709 Thread 0x000001a85059d520 Exception <a 'java/lang/NoSuchMethodError'{0x00000000d5714ce8}: 'int java.lang.invoke.DirectMethodHandle$Holder.invokeStatic(java.lang.Object, java.lang.Object, java.lang.Object, java.lang.Object, java.lang.Object, java.lang.Object)'> (0x00000000d5714ce8) 
thrown [s\src\hotspot\share\interpreter\linkResolver.cpp, line 773]
Event: 153.898 Thread 0x000001a85059ce90 Exception <a 'java/lang/NoSuchMethodError'{0x00000000d584b718}: 'java.lang.Object java.lang.invoke.DirectMethodHandle$Holder.invokeStatic(java.lang.Object, java.lang.Object, int, java.lang.Object)'> (0x00000000d584b718) 
thrown [s\src\hotspot\share\interpreter\linkResolver.cpp, line 773]

ZGC Phase Switch (0 events):
No events

VM Operations (20 events):
Event: 151.307 Executing VM operation: HandshakeAllThreads (Deoptimize)
Event: 151.307 Executing VM operation: HandshakeAllThreads (Deoptimize) done
Event: 151.555 Executing VM operation: ParallelGCFailedAllocation (Allocation Failure)
Event: 151.558 Executing VM operation: ParallelGCFailedAllocation (Allocation Failure) done
Event: 151.757 Executing VM operation: HandshakeAllThreads (Deoptimize)
Event: 151.757 Executing VM operation: HandshakeAllThreads (Deoptimize) done
Event: 152.016 Executing VM operation: ParallelGCFailedAllocation (Allocation Failure)
Event: 152.020 Executing VM operation: ParallelGCFailedAllocation (Allocation Failure) done
Event: 153.022 Executing VM operation: Cleanup
Event: 153.022 Executing VM operation: Cleanup done
Event: 153.567 Executing VM operation: ParallelGCFailedAllocation (Allocation Failure)
Event: 153.570 Executing VM operation: ParallelGCFailedAllocation (Allocation Failure) done
Event: 154.577 Executing VM operation: Cleanup
Event: 154.577 Executing VM operation: Cleanup done
Event: 155.589 Executing VM operation: Cleanup
Event: 155.589 Executing VM operation: Cleanup done
Event: 180.577 Executing VM operation: HandshakeAllThreads (HandshakeForDeflation)
Event: 180.578 Executing VM operation: HandshakeAllThreads (HandshakeForDeflation) done
Event: 180.583 Executing VM operation: RendezvousGCThreads
Event: 180.583 Executing VM operation: RendezvousGCThreads done

Memory protections (0 events):
No events

Nmethod flushes (20 events):
Event: 87.102 Thread 0x000001a8710de1d0 flushing  nmethod 0x000001a800abab10
Event: 87.102 Thread 0x000001a8710de1d0 flushing osr nmethod 0x000001a800ac8690
Event: 87.102 Thread 0x000001a8710de1d0 flushing  nmethod 0x000001a800ac9f10
Event: 87.102 Thread 0x000001a8710de1d0 flushing  nmethod 0x000001a800acc490
Event: 87.102 Thread 0x000001a8710de1d0 flushing  nmethod 0x000001a800b06390
Event: 87.102 Thread 0x000001a8710de1d0 flushing  nmethod 0x000001a800b09d10
Event: 87.102 Thread 0x000001a8710de1d0 flushing  nmethod 0x000001a800b0a890
Event: 87.102 Thread 0x000001a8710de1d0 flushing  nmethod 0x000001a800b0ae90
Event: 87.102 Thread 0x000001a8710de1d0 flushing  nmethod 0x000001a800b0b710
Event: 87.102 Thread 0x000001a8710de1d0 flushing  nmethod 0x000001a800b0d990
Event: 87.102 Thread 0x000001a8710de1d0 flushing  nmethod 0x000001a800b1cc10
Event: 87.102 Thread 0x000001a8710de1d0 flushing  nmethod 0x000001a800b23290
Event: 87.102 Thread 0x000001a8710de1d0 flushing  nmethod 0x000001a800b25b10
Event: 87.102 Thread 0x000001a8710de1d0 flushing  nmethod 0x000001a800b29f90
Event: 87.102 Thread 0x000001a8710de1d0 flushing  nmethod 0x000001a800b2a410
Event: 87.102 Thread 0x000001a8710de1d0 flushing  nmethod 0x000001a800b37390
Event: 87.102 Thread 0x000001a8710de1d0 flushing  nmethod 0x000001a800b38190
Event: 87.102 Thread 0x000001a8710de1d0 flushing  nmethod 0x000001a800b38510
Event: 87.102 Thread 0x000001a8710de1d0 flushing  nmethod 0x000001a800b74990
Event: 87.102 Thread 0x000001a8710de1d0 flushing  nmethod 0x000001a800b84010

Events (20 events):
Event: 79.386 Thread 0x000001a85063d150 Thread added: 0x000001a85063d7e0
Event: 80.851 Thread 0x000001a8506405d0 Thread exited: 0x000001a8506405d0
Event: 81.752 Thread 0x000001a85063ff40 Thread added: 0x000001a850641980
Event: 81.758 Thread 0x000001a850641980 Thread added: 0x000001a85063de70
Event: 81.767 Thread 0x000001a85063de70 Thread added: 0x000001a85063e500
Event: 89.977 Thread 0x000001a8506412f0 Thread exited: 0x000001a8506412f0
Event: 89.977 Thread 0x000001a85063d150 Thread exited: 0x000001a85063d150
Event: 89.977 Thread 0x000001a850640c60 Thread exited: 0x000001a850640c60
Event: 89.977 Thread 0x000001a85063d7e0 Thread exited: 0x000001a85063d7e0
Event: 121.279 Thread 0x000001a85059ce90 Thread added: 0x000001a850640c60
Event: 121.283 Thread 0x000001a85059ce90 Thread added: 0x000001a85063d150
Event: 121.283 Thread 0x000001a85059ce90 Thread added: 0x000001a85063d7e0
Event: 121.284 Thread 0x000001a85059ce90 Thread added: 0x000001a8506412f0
Event: 121.284 Thread 0x000001a85059ce90 Thread added: 0x000001a851a09830
Event: 132.151 Thread 0x000001a85063e500 Thread added: 0x000001a851a05d20
Event: 146.321 Thread 0x000001a8506412f0 Thread exited: 0x000001a8506412f0
Event: 146.321 Thread 0x000001a851a09830 Thread exited: 0x000001a851a09830
Event: 146.321 Thread 0x000001a85063d7e0 Thread exited: 0x000001a85063d7e0
Event: 146.322 Thread 0x000001a850640c60 Thread exited: 0x000001a850640c60
Event: 146.324 Thread 0x000001a85063d150 Thread exited: 0x000001a85063d150


Dynamic libraries:
0x00007ff7cca60000 - 0x00007ff7cca6e000 	c:\Users\hilde\.vscode\extensions\redhat.java-1.52.0-win32-x64\jre\21.0.9-win32-x86_64\bin\java.exe
0x00007ffe8f4b0000 - 0x00007ffe8f6a8000 	C:\WINDOWS\SYSTEM32\ntdll.dll
0x00007ffe8dcc0000 - 0x00007ffe8dd82000 	C:\WINDOWS\System32\KERNEL32.DLL
0x00007ffe8d150000 - 0x00007ffe8d446000 	C:\WINDOWS\System32\KERNELBASE.dll
0x00007ffe8ce10000 - 0x00007ffe8cf10000 	C:\WINDOWS\System32\ucrtbase.dll
0x00007ffe866e0000 - 0x00007ffe866fe000 	c:\Users\hilde\.vscode\extensions\redhat.java-1.52.0-win32-x64\jre\21.0.9-win32-x86_64\bin\VCRUNTIME140.dll
0x00007ffe73510000 - 0x00007ffe73528000 	c:\Users\hilde\.vscode\extensions\redhat.java-1.52.0-win32-x64\jre\21.0.9-win32-x86_64\bin\jli.dll
0x00007ffe8ead0000 - 0x00007ffe8ec71000 	C:\WINDOWS\System32\USER32.dll
0x00007ffe8cf10000 - 0x00007ffe8cf32000 	C:\WINDOWS\System32\win32u.dll
0x00007ffe8d4d0000 - 0x00007ffe8d4fb000 	C:\WINDOWS\System32\GDI32.dll
0x00007ffe8cb40000 - 0x00007ffe8cc59000 	C:\WINDOWS\System32\gdi32full.dll
0x00007ffe7ae00000 - 0x00007ffe7b09b000 	C:\WINDOWS\WinSxS\amd64_microsoft.windows.common-controls_6595b64144ccf1df_6.0.19041.6456_none_60b8a6cb71f64256\COMCTL32.dll
0x00007ffe8cd20000 - 0x00007ffe8cdbd000 	C:\WINDOWS\System32\msvcp_win.dll
0x00007ffe8db60000 - 0x00007ffe8dbfe000 	C:\WINDOWS\System32\msvcrt.dll
0x00007ffe8e010000 - 0x00007ffe8e03f000 	C:\WINDOWS\System32\IMM32.DLL
0x00007ffe7a360000 - 0x00007ffe7a36c000 	c:\Users\hilde\.vscode\extensions\redhat.java-1.52.0-win32-x64\jre\21.0.9-win32-x86_64\bin\vcruntime140_1.dll
0x00007ffe68750000 - 0x00007ffe687dd000 	c:\Users\hilde\.vscode\extensions\redhat.java-1.52.0-win32-x64\jre\21.0.9-win32-x86_64\bin\msvcp140.dll
0x00007ffe3dc00000 - 0x00007ffe3e9a0000 	c:\Users\hilde\.vscode\extensions\redhat.java-1.52.0-win32-x64\jre\21.0.9-win32-x86_64\bin\server\jvm.dll
0x00007ffe8dc00000 - 0x00007ffe8dcb1000 	C:\WINDOWS\System32\ADVAPI32.dll
0x00007ffe8e040000 - 0x00007ffe8e0df000 	C:\WINDOWS\System32\sechost.dll
0x00007ffe8d700000 - 0x00007ffe8d820000 	C:\WINDOWS\System32\RPCRT4.dll
0x00007ffe8cc60000 - 0x00007ffe8cc87000 	C:\WINDOWS\System32\bcrypt.dll
0x00007ffe8d820000 - 0x00007ffe8d88b000 	C:\WINDOWS\System32\WS2_32.dll
0x00007ffe8c9a0000 - 0x00007ffe8c9eb000 	C:\WINDOWS\SYSTEM32\POWRPROF.dll
0x00007ffe824d0000 - 0x00007ffe824f7000 	C:\WINDOWS\SYSTEM32\WINMM.dll
0x00007ffe7e770000 - 0x00007ffe7e77a000 	C:\WINDOWS\SYSTEM32\VERSION.dll
0x00007ffe8c980000 - 0x00007ffe8c992000 	C:\WINDOWS\SYSTEM32\UMPDC.dll
0x00007ffe8a9b0000 - 0x00007ffe8a9c2000 	C:\WINDOWS\SYSTEM32\kernel.appcore.dll
0x00007ffe784d0000 - 0x00007ffe784da000 	c:\Users\hilde\.vscode\extensions\redhat.java-1.52.0-win32-x64\jre\21.0.9-win32-x86_64\bin\jimage.dll
0x00007ffe777a0000 - 0x00007ffe779a1000 	C:\WINDOWS\SYSTEM32\DBGHELP.DLL
0x00007ffe7c330000 - 0x00007ffe7c364000 	C:\WINDOWS\SYSTEM32\dbgcore.DLL
0x00007ffe8cc90000 - 0x00007ffe8cd12000 	C:\WINDOWS\System32\bcryptPrimitives.dll
0x00007ffe783d0000 - 0x00007ffe783df000 	c:\Users\hilde\.vscode\extensions\redhat.java-1.52.0-win32-x64\jre\21.0.9-win32-x86_64\bin\instrument.dll
0x00007ffe6c850000 - 0x00007ffe6c870000 	c:\Users\hilde\.vscode\extensions\redhat.java-1.52.0-win32-x64\jre\21.0.9-win32-x86_64\bin\java.dll
0x00007ffe8ec80000 - 0x00007ffe8f3f0000 	C:\WINDOWS\System32\SHELL32.dll
0x00007ffe8abb0000 - 0x00007ffe8b355000 	C:\WINDOWS\SYSTEM32\windows.storage.dll
0x00007ffe8e550000 - 0x00007ffe8e8a4000 	C:\WINDOWS\System32\combase.dll
0x00007ffe8c490000 - 0x00007ffe8c4bb000 	C:\WINDOWS\SYSTEM32\Wldp.dll
0x00007ffe8d630000 - 0x00007ffe8d6fd000 	C:\WINDOWS\System32\OLEAUT32.dll
0x00007ffe8dda0000 - 0x00007ffe8de4d000 	C:\WINDOWS\System32\SHCORE.dll
0x00007ffe8daf0000 - 0x00007ffe8db4b000 	C:\WINDOWS\System32\shlwapi.dll
0x00007ffe8ca70000 - 0x00007ffe8ca94000 	C:\WINDOWS\SYSTEM32\profapi.dll
0x00007ffe6c6b0000 - 0x00007ffe6c6c8000 	c:\Users\hilde\.vscode\extensions\redhat.java-1.52.0-win32-x64\jre\21.0.9-win32-x86_64\bin\zip.dll
0x00007ffe782c0000 - 0x00007ffe782d0000 	C:\Users\hilde\.vscode\extensions\redhat.java-1.52.0-win32-x64\jre\21.0.9-win32-x86_64\bin\net.dll
0x00007ffe83b80000 - 0x00007ffe83c8a000 	C:\WINDOWS\SYSTEM32\WINHTTP.dll
0x00007ffe8c1f0000 - 0x00007ffe8c25a000 	C:\WINDOWS\system32\mswsock.dll
0x00007ffe6c5f0000 - 0x00007ffe6c606000 	C:\Users\hilde\.vscode\extensions\redhat.java-1.52.0-win32-x64\jre\21.0.9-win32-x86_64\bin\nio.dll
0x00007ffe78260000 - 0x00007ffe78270000 	c:\Users\hilde\.vscode\extensions\redhat.java-1.52.0-win32-x64\jre\21.0.9-win32-x86_64\bin\verify.dll
0x00007ffe76670000 - 0x00007ffe766b5000 	C:\Users\hilde\AppData\Roaming\Code\User\globalStorage\redhat.java\1.52.0\config_win\org.eclipse.equinox.launcher\org.eclipse.equinox.launcher.win32.win32.x86_64_1.2.1500.v20260121-1430\eclipse_11919.dll
0x00007ffe8dee0000 - 0x00007ffe8e00b000 	C:\WINDOWS\System32\ole32.dll
0x00007ffe8c3e0000 - 0x00007ffe8c3f8000 	C:\WINDOWS\SYSTEM32\CRYPTSP.dll
0x00007ffe8bb10000 - 0x00007ffe8bb48000 	C:\WINDOWS\system32\rsaenh.dll
0x00007ffe8ca30000 - 0x00007ffe8ca5e000 	C:\WINDOWS\SYSTEM32\USERENV.dll
0x00007ffe8c400000 - 0x00007ffe8c40c000 	C:\WINDOWS\SYSTEM32\CRYPTBASE.dll
0x00007ffe8bed0000 - 0x00007ffe8bf0b000 	C:\WINDOWS\SYSTEM32\IPHLPAPI.DLL
0x00007ffe8db50000 - 0x00007ffe8db58000 	C:\WINDOWS\System32\NSI.dll
0x00007ffe6cb90000 - 0x00007ffe6cbd9000 	C:\Users\hilde\AppData\Local\Temp\jna-99281228\jna6606525347873257591.dll
0x00007ffe8dd90000 - 0x00007ffe8dd98000 	C:\WINDOWS\System32\PSAPI.DLL
0x00007ffe84030000 - 0x00007ffe84047000 	C:\WINDOWS\SYSTEM32\dhcpcsvc6.DLL
0x00007ffe85060000 - 0x00007ffe8507d000 	C:\WINDOWS\SYSTEM32\dhcpcsvc.DLL
0x00007ffe88c20000 - 0x00007ffe88c2e000 	C:\Users\hilde\.vscode\extensions\redhat.java-1.52.0-win32-x64\jre\21.0.9-win32-x86_64\bin\sunmscapi.dll
0x00007ffe8cf40000 - 0x00007ffe8d09d000 	C:\WINDOWS\System32\CRYPT32.dll
0x00007ffe8c500000 - 0x00007ffe8c527000 	C:\WINDOWS\SYSTEM32\ncrypt.dll
0x00007ffe8c4c0000 - 0x00007ffe8c4fb000 	C:\WINDOWS\SYSTEM32\NTASN1.dll
0x00007ffe8bf10000 - 0x00007ffe8bfda000 	C:\WINDOWS\SYSTEM32\DNSAPI.dll
0x00007ffe7e610000 - 0x00007ffe7e61a000 	C:\Windows\System32\rasadhlp.dll
0x00007ffe7f3e0000 - 0x00007ffe7f460000 	C:\WINDOWS\System32\fwpuclnt.dll
0x00007ffe86430000 - 0x00007ffe86439000 	C:\Users\hilde\.vscode\extensions\redhat.java-1.52.0-win32-x64\jre\21.0.9-win32-x86_64\bin\extnet.dll

JVMTI agents:
c:\Users\hilde\.vscode\extensions\redhat.java-1.52.0-win32-x64\lombok\lombok-1.18.39-4050.jar path:c:\Users\hilde\.vscode\extensions\redhat.java-1.52.0-win32-x64\jre\21.0.9-win32-x86_64\bin\instrument.dll, loaded, initialized, instrumentlib options:none

dbghelp: loaded successfully - version: 4.0.5 - missing functions: none
symbol engine: initialized successfully - sym options: 0x614 - pdb path: .;c:\Users\hilde\.vscode\extensions\redhat.java-1.52.0-win32-x64\jre\21.0.9-win32-x86_64\bin;C:\WINDOWS\SYSTEM32;C:\WINDOWS\WinSxS\amd64_microsoft.windows.common-controls_6595b64144ccf1df_6.0.19041.6456_none_60b8a6cb71f64256;c:\Users\hilde\.vscode\extensions\redhat.java-1.52.0-win32-x64\jre\21.0.9-win32-x86_64\bin\server;C:\Users\hilde\AppData\Roaming\Code\User\globalStorage\redhat.java\1.52.0\config_win\org.eclipse.equinox.launcher\org.eclipse.equinox.launcher.win32.win32.x86_64_1.2.1500.v20260121-1430;C:\Users\hilde\AppData\Local\Temp\jna-99281228

VM Arguments:
jvm_args: --add-modules=ALL-SYSTEM --add-opens=java.base/java.util=ALL-UNNAMED --add-opens=java.base/java.lang=ALL-UNNAMED --add-opens=java.base/sun.nio.fs=ALL-UNNAMED -Declipse.application=org.eclipse.jdt.ls.core.id1 -Dosgi.bundles.defaultStartLevel=4 -Declipse.product=org.eclipse.jdt.ls.core.product -Djava.import.generatesMetadataFilesAtProjectRoot=false -DDetectVMInstallationsJob.disabled=true -Dfile.encoding=utf8 -XX:+UseParallelGC -XX:GCTimeRatio=4 -XX:AdaptiveSizePolicyWeight=90 -Dsun.zip.disableMemoryMapping=true -Xmx2G -Xms100m -Xlog:disable -javaagent:c:\Users\hilde\.vscode\extensions\redhat.java-1.52.0-win32-x64\lombok\lombok-1.18.39-4050.jar -XX:+HeapDumpOnOutOfMemoryError -XX:HeapDumpPath=c:\Users\hilde\AppData\Roaming\Code\User\workspaceStorage\5878f9d62c58596de4b23e8fcafd600d\redhat.java -Daether.dependencyCollector.impl=bf 
java_command: c:\Users\hilde\.vscode\extensions\redhat.java-1.52.0-win32-x64\server\plugins\org.eclipse.equinox.launcher_1.7.100.v20251111-0406.jar -configuration c:\Users\hilde\AppData\Roaming\Code\User\globalStorage\redhat.java\1.52.0\config_win -data c:\Users\hilde\AppData\Roaming\Code\User\workspaceStorage\5878f9d62c58596de4b23e8fcafd600d\redhat.java\jdt_ws --pipe=\\.\pipe\lsp-c48b93b79851cab13c97bfef62b114e2-sock
java_class_path (initial): c:\Users\hilde\.vscode\extensions\redhat.java-1.52.0-win32-x64\server\plugins\org.eclipse.equinox.launcher_1.7.100.v20251111-0406.jar
Launcher Type: SUN_STANDARD

[Global flags]
    uintx AdaptiveSizePolicyWeight                 = 90                                        {product} {command line}
     intx CICompilerCount                          = 3                                         {product} {ergonomic}
    uintx GCTimeRatio                              = 4                                         {product} {command line}
     bool HeapDumpOnOutOfMemoryError               = true                                   {manageable} {command line}
    ccstr HeapDumpPath                             = c:\Users\hilde\AppData\Roaming\Code\User\workspaceStorage\5878f9d62c58596de4b23e8fcafd600d\redhat.java         {manageable} {command line}
   size_t InitialHeapSize                          = 104857600                                 {product} {command line}
   size_t MaxHeapSize                              = 2147483648                                {product} {command line}
   size_t MaxNewSize                               = 715653120                                 {product} {ergonomic}
   size_t MinHeapDeltaBytes                        = 524288                                    {product} {ergonomic}
   size_t MinHeapSize                              = 104857600                                 {product} {command line}
   size_t NewSize                                  = 34603008                                  {product} {ergonomic}
    uintx NonNMethodCodeHeapSize                   = 5832780                                {pd product} {ergonomic}
    uintx NonProfiledCodeHeapSize                  = 122912730                              {pd product} {ergonomic}
   size_t OldSize                                  = 70254592                                  {product} {ergonomic}
    uintx ProfiledCodeHeapSize                     = 122912730                              {pd product} {ergonomic}
    uintx ReservedCodeCacheSize                    = 251658240                              {pd product} {ergonomic}
     bool SegmentedCodeCache                       = true                                      {product} {ergonomic}
   size_t SoftMaxHeapSize                          = 2147483648                             {manageable} {ergonomic}
     bool UseCompressedOops                        = true                           {product lp64_product} {ergonomic}
     bool UseLargePagesIndividualAllocation        = false                                  {pd product} {ergonomic}
     bool UseParallelGC                            = true                                      {product} {command line}

Logging:
Log output configuration:
 #0: stdout all=off uptime,level,tags foldmultilines=false
 #1: stderr all=off uptime,level,tags foldmultilines=false

Release file:
JAVA_VERSION="21.0.9" 
MODULES="java.base java.compiler java.datatransfer java.xml java.prefs java.desktop java.instrument java.logging java.management java.security.sasl java.naming java.rmi java.management.rmi java.net.http java.scripting java.security.jgss java.transaction.xa java.sql java.sql.rowset java.xml.crypto java.se java.smartcardio jdk.accessibility jdk.internal.jvmstat jdk.attach jdk.charsets jdk.internal.opt jdk.zipfs jdk.compiler jdk.crypto.ec jdk.crypto.cryptoki jdk.crypto.mscapi jdk.dynalink jdk.internal.ed jdk.editpad jdk.hotspot.agent jdk.httpserver jdk.internal.le jdk.internal.vm.ci jdk.internal.vm.compiler jdk.internal.vm.compiler.management jdk.jartool jdk.javadoc jdk.jcmd jdk.management jdk.management.agent jdk.jconsole jdk.jdeps jdk.jdwp.agent jdk.jdi jdk.jfr jdk.jshell jdk.jsobject jdk.jstatd jdk.localedata jdk.management.jfr jdk.naming.dns jdk.naming.rmi jdk.net jdk.nio.mapmode jdk.random jdk.sctp jdk.security.auth jdk.security.jgss jdk.unsupported jdk.unsupported.desktop jdk.xml.dom" 

Environment Variables:
JAVA_HOME=C:\Program Files\Java\jdk-17
PATH=C:\Python314\Scripts\;C:\Python314\;C:\Program Files\Common Files\Oracle\Java\javapath;C:\WINDOWS\system32;C:\WINDOWS;C:\WINDOWS\System32\Wbem;C:\WINDOWS\System32\WindowsPowerShell\v1.0\;C:\WINDOWS\System32\OpenSSH\;C:\Program Files\Java\jdk-17\bin;C:\Program Files\Git\cmd;C:\Program Files (x86)\dotnet\;C:\ProgramData\chocolatey\bin;C:\apache-maven-3.9.11\bin;C:\Program Files\nodejs\;C:\Users\hilde\AppData\Local\Microsoft\WindowsApps;C:\Program Files\Java\jdk-17\bin;C:\Users\hilde\AppData\Local\Programs\Microsoft VS Code\bin;C:\Projetos\Back\bootcampJava\MiniCalculadora;C:\apache-maven-3.9.11\bin;C:\Users\hilde\AppData\Roaming\npm
USERNAME=hilde
OS=Windows_NT
PROCESSOR_IDENTIFIER=Intel64 Family 6 Model 42 Stepping 7, GenuineIntel
TMP=C:\Users\hilde\AppData\Local\Temp
TEMP=C:\Users\hilde\AppData\Local\Temp




Periodic native trim disabled

---------------  S Y S T E M  ---------------

OS:
 Windows 10 , 64 bit Build 19041 (10.0.19041.5915)
OS uptime: 6 days 1:15 hours

CPU: total 4 (initial active 4) (2 cores per cpu, 2 threads per core) family 6 model 42 stepping 7 microcode 0x2f, cx8, cmov, fxsr, ht, mmx, sse, sse2, sse3, ssse3, sse4.1, sse4.2, popcnt, tsc, tscinvbit, avx, clmul, vzeroupper, clflush, rdtscp
Processor Information for the first 4 processors :
  Max Mhz: 2200, Current Mhz: 2200, Mhz Limit: 2200

Memory: 4k page, system-wide physical 3989M (312M free)
TotalPageFile size 16277M (AvailPageFile size 0M)
current process WorkingSet (physical memory assigned to process): 171M, peak: 230M
current process commit charge ("private bytes"): 351M, peak: 378M

vm_info: OpenJDK 64-Bit Server VM (21.0.9+10-LTS) for windows-amd64 JRE (21.0.9+10-LTS), built on 2025-10-21T00:00:00Z by "admin" with unknown MS VC++:1942

END.
